<?xml version="1.0" encoding="UTF-8"?>
<!-- Generated by org.testng.reporters.JUnitReportReporter -->
<testsuite hostname="DESKTOP-4D1TG73" failures="0" tests="1" name="TestNGTest" time="17.017" errors="0" timestamp="27 Oct 2021 15:41:28 GMT" skipped="0">
  <testcase classname="TestNGTest" name="setup" time="17.017"/>
</testsuite> <!-- TestNGTest -->
