<?xml version="1.0" encoding="UTF-8"?>
<!-- Generated by org.testng.reporters.JUnitReportReporter -->
<testsuite hostname="DESKTOP-4D1TG73" failures="0" tests="2" name="com.ecommerce.qa.testcases.LoginPageTest" time="19.520" errors="0" timestamp="09 Nov 2021 09:02:07 GMT" skipped="0">
  <testcase classname="com.ecommerce.qa.testcases.LoginPageTest" name="Test1" time="9.326"/>
  <testcase classname="com.ecommerce.qa.testcases.LoginPageTest" name="Test2" time="10.194"/>
</testsuite> <!-- com.ecommerce.qa.testcases.LoginPageTest -->
